<?xml version="1.0" encoding="UTF-8"?>
<testsuite xmlns:xsi="http://www.w3.org/2001/XMLSchema-instance" xsi:noNamespaceSchemaLocation="https://maven.apache.org/surefire/maven-surefire-plugin/xsd/surefire-test-report.xsd" name="com.networkscanner.scanner.NetworkScannerTest" time="10.417" tests="2" errors="0" skipped="0" failures="0">
  <properties>
[...]
</properties>
  <testcase name="givenInvalidAddress_whenPingWithError_thenItProduceProperMessageToBroker" classname="com.networkscanner.scanner.NetworkScannerTest" time="2.072"/>
  <testcase name="givenAddress_whenPingWithoutError_thenItProduceProperMessageToBroker" classname="com.networkscanner.scanner.NetworkScannerTest" time="8.311"/>
</testsuite>